<?xml version="1.0" encoding="UTF-8"?>
<testng-results skipped="0" failed="0" total="3" passed="3">
  <reporter-output>
  </reporter-output>
  <suite name="Add New Computer Test Suit" duration-ms="3671" started-at="2018-09-23T05:07:50Z" finished-at="2018-09-23T05:07:54Z">
    <groups>
    </groups>
    <test name="Add New Computer Scripts" duration-ms="3671" started-at="2018-09-23T05:07:50Z" finished-at="2018-09-23T05:07:54Z">
      <class name="tests.AddNewComputerTests">
        <test-method status="PASS" signature="beforeSuite()[pri:0, instance:tests.AddNewComputerTests@380fb434]" name="beforeSuite" is-config="true" duration-ms="1459" started-at="2018-09-23T02:07:48Z" finished-at="2018-09-23T02:07:50Z">
          <reporter-output>
          </reporter-output>
        </test-method> <!-- beforeSuite -->
        <test-method status="PASS" signature="beforeClass()[pri:0, instance:tests.AddNewComputerTests@380fb434]" name="beforeClass" is-config="true" duration-ms="1172" started-at="2018-09-23T02:07:50Z" finished-at="2018-09-23T02:07:51Z">
          <reporter-output>
          </reporter-output>
        </test-method> <!-- beforeClass -->
        <test-method status="PASS" signature="addNewComputerScreenDisplays()[pri:0, instance:tests.AddNewComputerTests@380fb434]" name="addNewComputerScreenDisplays" duration-ms="677" started-at="2018-09-23T02:07:51Z" finished-at="2018-09-23T02:07:52Z">
          <reporter-output>
          </reporter-output>
        </test-method> <!-- addNewComputerScreenDisplays -->
        <test-method status="PASS" signature="afterMethod(org.testng.ITestResult)[pri:0, instance:tests.AddNewComputerTests@380fb434]" name="afterMethod" is-config="true" duration-ms="1" started-at="2018-09-23T02:07:52Z" finished-at="2018-09-23T02:07:52Z">
          <params>
            <param index="0">
              <value>
                <![CDATA[[TestResult name=addNewComputerScreenDisplays status=SUCCESS method=AddNewComputerTests.addNewComputerScreenDisplays()[pri:0, instance:tests.AddNewComputerTests@380fb434] output={null}]]]>
              </value>
            </param>
          </params>
          <reporter-output>
          </reporter-output>
        </test-method> <!-- afterMethod -->
        <test-method status="PASS" signature="addNewComputerByOnlyEnteringRequiredFields(java.lang.String)[pri:0, instance:tests.AddNewComputerTests@380fb434]" name="addNewComputerByOnlyEnteringRequiredFields" duration-ms="952" started-at="2018-09-23T02:07:52Z" finished-at="2018-09-23T02:07:53Z">
          <params>
            <param index="0">
              <value>
                <![CDATA[Daniel's Computer]]>
              </value>
            </param>
          </params>
          <reporter-output>
          </reporter-output>
        </test-method> <!-- addNewComputerByOnlyEnteringRequiredFields -->
        <test-method status="PASS" signature="afterMethod(org.testng.ITestResult)[pri:0, instance:tests.AddNewComputerTests@380fb434]" name="afterMethod" is-config="true" duration-ms="1" started-at="2018-09-23T02:07:53Z" finished-at="2018-09-23T02:07:53Z">
          <params>
            <param index="0">
              <value>
                <![CDATA[[TestResult name=addNewComputerByOnlyEnteringRequiredFields status=SUCCESS method=AddNewComputerTests.addNewComputerByOnlyEnteringRequiredFields(java.lang.String)[pri:0, instance:tests.AddNewComputerTests@380fb434] output={null}]]]>
              </value>
            </param>
          </params>
          <reporter-output>
          </reporter-output>
        </test-method> <!-- afterMethod -->
        <test-method status="PASS" signature="cannotAddNewComputerWithoutEnteringRequiredField(java.lang.String, java.lang.String, java.lang.String)[pri:0, instance:tests.AddNewComputerTests@380fb434]" name="cannotAddNewComputerWithoutEnteringRequiredField" duration-ms="861" started-at="2018-09-23T02:07:53Z" finished-at="2018-09-23T02:07:54Z">
          <params>
            <param index="0">
              <value>
                <![CDATA[2018-05-29]]>
              </value>
            </param>
            <param index="1">
              <value>
                <![CDATA[2018-12-24]]>
              </value>
            </param>
            <param index="2">
              <value>
                <![CDATA[Tandy Corporation]]>
              </value>
            </param>
          </params>
          <reporter-output>
          </reporter-output>
        </test-method> <!-- cannotAddNewComputerWithoutEnteringRequiredField -->
        <test-method status="PASS" signature="afterMethod(org.testng.ITestResult)[pri:0, instance:tests.AddNewComputerTests@380fb434]" name="afterMethod" is-config="true" duration-ms="0" started-at="2018-09-23T02:07:54Z" finished-at="2018-09-23T02:07:54Z">
          <params>
            <param index="0">
              <value>
                <![CDATA[[TestResult name=cannotAddNewComputerWithoutEnteringRequiredField status=SUCCESS method=AddNewComputerTests.cannotAddNewComputerWithoutEnteringRequiredField(java.lang.String, java.lang.String, java.lang.String)[pri:0, instance:tests.AddNewComputerTests@380fb434] output={null}]]]>
              </value>
            </param>
          </params>
          <reporter-output>
          </reporter-output>
        </test-method> <!-- afterMethod -->
        <test-method status="PASS" signature="afterSuite()[pri:0, instance:tests.AddNewComputerTests@380fb434]" name="afterSuite" is-config="true" duration-ms="86" started-at="2018-09-23T02:07:54Z" finished-at="2018-09-23T02:07:54Z">
          <reporter-output>
          </reporter-output>
        </test-method> <!-- afterSuite -->
      </class> <!-- tests.AddNewComputerTests -->
    </test> <!-- Add New Computer Scripts -->
  </suite> <!-- Add New Computer Test Suit -->
</testng-results>
