<?xml version="1.0" encoding="UTF-8"?>
<!-- Generated by org.testng.reporters.JUnitXMLReporter -->
<testsuite hostname="ARBANDMALLORCA1.local" tests="0" failures="0" timestamp="22 Sep 2018 02:04:15 GMT" time="0.003" errors="0">
  <testcase name="@BeforeSuite setUp" time="0.0" classname="tests.BaseTest">
    <failure type="java.lang.NullPointerException">
      <![CDATA[java.lang.NullPointerException
	at tests.BaseTest.navigateTo(BaseTest.java:56)
	at tests.BaseTest.setUp(BaseTest.java:25)
... Removed 27 stack frames]]>
    </failure>
  </testcase> <!-- @BeforeSuite setUp -->
</testsuite>
